2022-10-16 13:22:39,467 - elsapy.elsentity - INFO - Module loaded.
2022-10-16 13:22:39,468 - elsapy.elsdoc - INFO - Module loaded.
2022-10-16 13:22:40,043 - elsapy.utils - INFO - Module loaded.
2022-10-16 13:22:40,043 - elsapy.elsprofile - INFO - Module loaded.
2022-10-16 13:22:40,044 - elsapy.elssearch - INFO - Module loaded.
2022-10-16 13:22:40,045 - elsapy.elsclient - INFO - Module loaded.
2022-10-16 13:22:44,134 - elsapy.elsclient - INFO - Sending GET request to https://api.elsevier.com/content/abstract/scopus_id/84872135457
2022-10-16 13:22:44,665 - elsapy.elsentity - INFO - Data loaded for https://api.elsevier.com/content/abstract/scopus_id/84872135457
2022-10-16 13:22:44,668 - elsapy.elsentity - INFO - Wrote https://api.elsevier.com/content/abstract/scopus_id/84872135457 to file
2022-10-16 13:26:27,753 - elsapy.elsclient - INFO - Sending GET request to https://api.elsevier.com/content/search/scopus?query=Adversarial+Robustness+AND+PUBYEAR+%3E+2017
2022-10-16 13:26:29,661 - elsapy.utils - INFO - Converting prism:coverDate
2022-10-16 13:27:55,141 - elsapy.elsclient - INFO - Sending GET request to https://api.elsevier.com/content/search/scopus?query=Adversarial+Robustness+Neural+Networks
2022-10-16 13:27:58,434 - elsapy.utils - INFO - Converting prism:coverDate
2022-10-16 13:57:45,114 - elsapy.elsclient - INFO - Sending GET request to https://api.elsevier.com/content/search/scopus?query=BAST%3A+Bayesian+Additive+Regression+Spanning+Trees+for+Complex+Constrained+Domain
2022-10-16 13:57:45,685 - elsapy.utils - INFO - Converting prism:coverDate
2022-10-16 13:58:14,690 - elsapy.elsclient - INFO - Sending GET request to https://api.elsevier.com/content/search/scopus?query=Hyperbolic+Busemann+Learning+with+Ideal+Prototypes
2022-10-16 13:58:16,303 - elsapy.utils - INFO - Converting prism:coverDate
2022-10-16 14:07:20,575 - elsapy.elsclient - INFO - Sending GET request to https://api.elsevier.com/content/abstract/scopus_id/85127025050
2022-10-16 14:07:21,182 - elsapy.elsentity - INFO - Data loaded for https://api.elsevier.com/content/abstract/scopus_id/85127025050
2022-10-16 14:07:21,183 - elsapy.elsentity - INFO - Wrote https://api.elsevier.com/content/abstract/scopus_id/85127025050 to file
2022-10-16 14:07:34,240 - elsapy.elsclient - INFO - Sending GET request to https://api.elsevier.com/content/abstract/scopus_id/85127025050
2022-10-16 14:07:34,801 - elsapy.elsentity - INFO - Data loaded for https://api.elsevier.com/content/abstract/scopus_id/85127025050
2022-10-16 14:07:34,802 - elsapy.elsentity - INFO - Wrote https://api.elsevier.com/content/abstract/scopus_id/85127025050 to file
2022-10-16 14:08:02,258 - elsapy.elsclient - INFO - Sending GET request to https://api.elsevier.com/content/abstract/scopus_id/85127025050
2022-10-16 14:08:02,759 - elsapy.elsentity - INFO - Data loaded for https://api.elsevier.com/content/abstract/scopus_id/85127025050
2022-10-16 14:08:02,760 - elsapy.elsentity - INFO - Wrote https://api.elsevier.com/content/abstract/scopus_id/85127025050 to file
2022-10-16 14:08:08,972 - elsapy.elsclient - INFO - Sending GET request to https://api.elsevier.com/content/abstract/scopus_id/85127025050
2022-10-16 14:08:09,518 - elsapy.elsentity - INFO - Data loaded for https://api.elsevier.com/content/abstract/scopus_id/85127025050
2022-10-16 14:08:09,519 - elsapy.elsentity - INFO - Wrote https://api.elsevier.com/content/abstract/scopus_id/85127025050 to file
2022-10-16 14:13:11,858 - elsapy.elsclient - INFO - Sending GET request to https://api.elsevier.com/content/abstract/scopus_id/85127025050
2022-10-16 14:13:12,301 - elsapy.elsentity - INFO - Data loaded for https://api.elsevier.com/content/abstract/scopus_id/85127025050
2022-10-16 14:13:12,302 - elsapy.elsentity - INFO - Wrote https://api.elsevier.com/content/abstract/scopus_id/85127025050 to file
2022-10-16 14:13:16,220 - elsapy.elsclient - INFO - Sending GET request to https://api.elsevier.com/content/abstract/scopus_id/85127025050
2022-10-16 14:13:16,729 - elsapy.elsentity - INFO - Data loaded for https://api.elsevier.com/content/abstract/scopus_id/85127025050
2022-10-16 14:13:16,730 - elsapy.elsentity - INFO - Wrote https://api.elsevier.com/content/abstract/scopus_id/85127025050 to file
2022-10-16 14:14:41,390 - elsapy.elsclient - INFO - Sending GET request to https://api.elsevier.com/content/abstract/citations/scopus_id/85127025050
2022-10-16 14:14:41,612 - elsapy.elsentity - WARNING - HTTP 403 Error from https://api.elsevier.com/content/abstract/citations/scopus_id/85127025050
and using headers {'X-ELS-APIKey': '7042c79d54d8c1b60b6a12d6461c8662', 'User-Agent': 'elsapy-v0.5.0', 'Accept': 'application/json'}:
{"service-error":{"status":{"statusCode":"AUTHENTICATION_ERROR","statusText":"Requestor configuration settings insufficient for access to this resource."}}}
2022-10-16 14:19:24,122 - elsapy.elsclient - INFO - Sending GET request to https://api.elsevier.com/content/abstract/citations/scopus_id/84872135457
2022-10-16 14:19:24,412 - elsapy.elsentity - WARNING - HTTP 403 Error from https://api.elsevier.com/content/abstract/citations/scopus_id/84872135457
and using headers {'X-ELS-APIKey': '7042c79d54d8c1b60b6a12d6461c8662', 'User-Agent': 'elsapy-v0.5.0', 'Accept': 'application/json'}:
{"service-error":{"status":{"statusCode":"AUTHENTICATION_ERROR","statusText":"Requestor configuration settings insufficient for access to this resource."}}}
2022-10-16 14:25:46,283 - elsapy.elsentity - INFO - Module loaded.
2022-10-16 14:25:46,286 - elsapy.elsdoc - INFO - Module loaded.
2022-10-16 14:25:46,629 - elsapy.utils - INFO - Module loaded.
2022-10-16 14:25:46,629 - elsapy.elsprofile - INFO - Module loaded.
2022-10-16 14:25:46,630 - elsapy.elssearch - INFO - Module loaded.
2022-10-16 14:25:46,630 - elsapy.elsclient - INFO - Module loaded.
2022-10-16 14:25:50,202 - elsapy.elsclient - INFO - Sending GET request to https://api.elsevier.com/content/search/scopus?query=Hyperbolic+Busemann+Learning+with+Ideal+Prototypes
2022-10-16 14:25:52,284 - elsapy.utils - INFO - Converting prism:coverDate
2022-10-16 14:26:00,701 - elsapy.elsclient - INFO - Sending GET request to https://api.elsevier.com/content/abstract/scopus_id/85127025050
2022-10-16 14:26:01,086 - elsapy.elsentity - INFO - Data loaded for https://api.elsevier.com/content/abstract/scopus_id/85127025050
2022-10-16 14:26:01,087 - elsapy.elsentity - INFO - Wrote https://api.elsevier.com/content/abstract/scopus_id/85127025050 to file
2022-10-16 14:26:09,464 - elsapy.elsclient - INFO - Sending GET request to https://api.elsevier.com/content/abstract/citations/scopus_id/84872135457
2022-10-16 14:26:09,660 - elsapy.elsentity - WARNING - HTTP 403 Error from https://api.elsevier.com/content/abstract/citations/scopus_id/84872135457
and using headers {'X-ELS-APIKey': '7042c79d54d8c1b60b6a12d6461c8662', 'User-Agent': 'elsapy-v0.5.0', 'Accept': 'application/json'}:
{"service-error":{"status":{"statusCode":"AUTHENTICATION_ERROR","statusText":"Requestor configuration settings insufficient for access to this resource."}}}
2022-10-16 14:27:25,243 - elsapy.elsclient - INFO - Sending GET request to https://api.elsevier.com/content/search/scopus?query=Hyperbolic+Busemann+Learning+with+Ideal+Prototypes
2022-10-16 14:27:26,855 - elsapy.utils - INFO - Converting prism:coverDate
2022-10-16 14:27:27,854 - elsapy.elsclient - INFO - Sending GET request to https://api.elsevier.com/content/abstract/scopus_id/85127025050
2022-10-16 14:27:28,395 - elsapy.elsentity - INFO - Data loaded for https://api.elsevier.com/content/abstract/scopus_id/85127025050
2022-10-16 14:27:28,396 - elsapy.elsentity - INFO - Wrote https://api.elsevier.com/content/abstract/scopus_id/85127025050 to file
2022-10-16 14:28:05,052 - elsapy.elsclient - INFO - Sending GET request to https://api.elsevier.com/content/search/scopus?query=10.1016%2Fj.softx.2019.100263
2022-10-16 14:28:06,132 - elsapy.utils - INFO - Converting prism:coverDate
2022-10-16 14:28:33,488 - elsapy.elsclient - INFO - Sending GET request to https://api.elsevier.com/content/abstract/scopus_id/85068268027
2022-10-16 14:28:34,154 - elsapy.elsentity - INFO - Data loaded for https://api.elsevier.com/content/abstract/scopus_id/85068268027
2022-10-16 14:28:34,155 - elsapy.elsentity - INFO - Wrote https://api.elsevier.com/content/abstract/scopus_id/85068268027 to file
2022-10-16 14:31:15,354 - elsapy.elsclient - INFO - Sending GET request to https://api.elsevier.com/content/search/scopus?query=Hyperbolic+Busemann+Learning+with+Ideal+Prototypes
2022-10-16 14:31:15,821 - elsapy.utils - INFO - Converting prism:coverDate
2022-10-16 14:52:00,446 - elsapy.elsclient - INFO - Sending GET request to https://api.elsevier.com/content/search/scopus?query=pybliometrics%3A+Scriptable+bibliometrics+using+a+Python+interface+to+Scopus
2022-10-16 14:52:01,337 - elsapy.utils - INFO - Converting prism:coverDate
2022-10-16 14:52:31,140 - elsapy.elsclient - INFO - Sending GET request to https://api.elsevier.com/content/search/scopus?query=pybliometrics
2022-10-16 14:52:31,977 - elsapy.utils - INFO - Converting prism:coverDate
2022-10-16 16:12:18,196 - elsapy.elsentity - INFO - Module loaded.
2022-10-16 16:12:18,196 - elsapy.elsdoc - INFO - Module loaded.
2022-10-16 16:12:18,511 - elsapy.utils - INFO - Module loaded.
2022-10-16 16:12:18,511 - elsapy.elsprofile - INFO - Module loaded.
2022-10-16 16:12:18,512 - elsapy.elssearch - INFO - Module loaded.
2022-10-16 16:12:18,512 - elsapy.elsclient - INFO - Module loaded.
2022-10-16 16:12:19,566 - elsapy.elsclient - INFO - Sending GET request to https://api.elsevier.com/content/search/scopus?query=pybliometrics
2022-10-16 16:12:20,376 - elsapy.utils - INFO - Converting prism:coverDate
2022-10-16 16:25:28,046 - elsapy.elsclient - INFO - Sending GET request to https://api.elsevier.com/content/search/scopus?query=adversarial+robustness
2022-10-16 16:25:28,932 - elsapy.utils - INFO - Converting prism:coverDate
