2022-10-17 08:09:53,404 - elsapy.elsentity - INFO - Module loaded.
2022-10-17 08:09:53,404 - elsapy.elsdoc - INFO - Module loaded.
2022-10-17 08:09:53,879 - elsapy.utils - INFO - Module loaded.
2022-10-17 08:09:53,879 - elsapy.elsprofile - INFO - Module loaded.
2022-10-17 08:09:53,880 - elsapy.elssearch - INFO - Module loaded.
2022-10-17 08:09:53,881 - elsapy.elsclient - INFO - Module loaded.
2022-10-17 08:13:50,034 - elsapy.elsentity - INFO - Module loaded.
2022-10-17 08:13:50,035 - elsapy.elsdoc - INFO - Module loaded.
2022-10-17 08:13:50,380 - elsapy.utils - INFO - Module loaded.
2022-10-17 08:13:50,380 - elsapy.elsprofile - INFO - Module loaded.
2022-10-17 08:13:50,381 - elsapy.elssearch - INFO - Module loaded.
2022-10-17 08:13:50,381 - elsapy.elsclient - INFO - Module loaded.
2022-10-17 08:13:51,384 - elsapy.elsclient - INFO - Sending GET request to https://api.elsevier.com/content/search/scopus?query=adversarial+robustness
2022-10-17 08:13:53,329 - elsapy.utils - INFO - Converting prism:coverDate
2022-10-17 08:19:56,488 - elsapy.elsentity - INFO - Module loaded.
2022-10-17 08:19:56,488 - elsapy.elsdoc - INFO - Module loaded.
2022-10-17 08:19:56,787 - elsapy.utils - INFO - Module loaded.
2022-10-17 08:19:56,787 - elsapy.elsprofile - INFO - Module loaded.
2022-10-17 08:19:56,787 - elsapy.elssearch - INFO - Module loaded.
2022-10-17 08:19:56,788 - elsapy.elsclient - INFO - Module loaded.
2022-10-17 08:21:26,766 - elsapy.elsentity - INFO - Module loaded.
2022-10-17 08:21:26,767 - elsapy.elsdoc - INFO - Module loaded.
2022-10-17 08:21:27,063 - elsapy.utils - INFO - Module loaded.
2022-10-17 08:21:27,063 - elsapy.elsprofile - INFO - Module loaded.
2022-10-17 08:21:27,064 - elsapy.elssearch - INFO - Module loaded.
2022-10-17 08:21:27,064 - elsapy.elsclient - INFO - Module loaded.
2022-10-17 08:22:36,415 - elsapy.elsentity - INFO - Module loaded.
2022-10-17 08:22:36,416 - elsapy.elsdoc - INFO - Module loaded.
2022-10-17 08:22:36,715 - elsapy.utils - INFO - Module loaded.
2022-10-17 08:22:36,716 - elsapy.elsprofile - INFO - Module loaded.
2022-10-17 08:22:36,716 - elsapy.elssearch - INFO - Module loaded.
2022-10-17 08:22:36,717 - elsapy.elsclient - INFO - Module loaded.
2022-10-17 08:24:40,519 - elsapy.elsentity - INFO - Module loaded.
2022-10-17 08:24:40,519 - elsapy.elsdoc - INFO - Module loaded.
2022-10-17 08:24:40,839 - elsapy.utils - INFO - Module loaded.
2022-10-17 08:24:40,839 - elsapy.elsprofile - INFO - Module loaded.
2022-10-17 08:24:40,840 - elsapy.elssearch - INFO - Module loaded.
2022-10-17 08:24:40,840 - elsapy.elsclient - INFO - Module loaded.
2022-10-17 08:27:11,533 - elsapy.elsclient - INFO - Sending GET request to https://api.elsevier.com/content/search/scopus?query=Predictive+Vector+Quantized+Variational+AutoEncoder+for+Spectral+Envelope+Quantization
2022-10-17 08:27:12,232 - elsapy.utils - INFO - Converting prism:coverDate
2022-10-17 08:33:31,302 - elsapy.elsclient - INFO - Sending GET request to https://api.elsevier.com/content/search/scopus?query=Certifiably-Robust+Federated+Adversarial+Learning+via+Randomized+Smoothing
2022-10-17 08:33:31,951 - elsapy.utils - INFO - Converting prism:coverDate
2022-10-17 08:44:23,607 - elsapy.elsclient - INFO - Sending GET request to https://api.elsevier.com/content/search/scopus?query=Improved+denoising+autoencoder+for+maritime+image+denoising+and+semantic+segmentation+of+USV
2022-10-17 08:44:24,143 - elsapy.utils - INFO - Converting prism:coverDate
2022-10-17 08:54:26,132 - elsapy.elsentity - INFO - Module loaded.
2022-10-17 08:54:26,133 - elsapy.elsdoc - INFO - Module loaded.
2022-10-17 08:54:26,483 - elsapy.utils - INFO - Module loaded.
2022-10-17 08:54:26,483 - elsapy.elsprofile - INFO - Module loaded.
2022-10-17 08:54:26,484 - elsapy.elssearch - INFO - Module loaded.
2022-10-17 08:54:26,484 - elsapy.elsclient - INFO - Module loaded.
2022-10-17 08:54:27,488 - elsapy.elsclient - INFO - Sending GET request to https://api.elsevier.com/content/search/scopus?query=Improved+denoising+autoencoder+for+maritime+image+denoising+and+semantic+segmentation+of+USV
2022-10-17 08:54:28,512 - elsapy.utils - INFO - Converting prism:coverDate
2022-10-17 09:11:01,476 - elsapy.elsentity - INFO - Module loaded.
2022-10-17 09:11:01,476 - elsapy.elsdoc - INFO - Module loaded.
2022-10-17 09:11:01,781 - elsapy.utils - INFO - Module loaded.
2022-10-17 09:11:01,781 - elsapy.elsprofile - INFO - Module loaded.
2022-10-17 09:11:01,782 - elsapy.elssearch - INFO - Module loaded.
2022-10-17 09:11:01,782 - elsapy.elsclient - INFO - Module loaded.
2022-10-17 09:13:46,628 - elsapy.elsclient - INFO - Sending GET request to https://api.elsevier.com/content/search/scopus?query=10.1109%2FMASS52906.2021.00032
2022-10-17 09:13:47,468 - elsapy.utils - INFO - Converting prism:coverDate
2022-10-17 09:16:39,878 - elsapy.elsentity - INFO - Module loaded.
2022-10-17 09:16:39,879 - elsapy.elsdoc - INFO - Module loaded.
2022-10-17 09:16:40,216 - elsapy.utils - INFO - Module loaded.
2022-10-17 09:16:40,216 - elsapy.elsprofile - INFO - Module loaded.
2022-10-17 09:16:40,217 - elsapy.elssearch - INFO - Module loaded.
2022-10-17 09:16:40,218 - elsapy.elsclient - INFO - Module loaded.
2022-10-17 09:16:41,356 - elsapy.elsclient - INFO - Sending GET request to https://api.elsevier.com/content/search/scopus?query=10.1109%2FMASS52906.2021.00032
2022-10-17 09:16:42,053 - elsapy.utils - INFO - Converting prism:coverDate
2022-10-17 09:17:16,665 - elsapy.elsentity - INFO - Module loaded.
2022-10-17 09:17:16,665 - elsapy.elsdoc - INFO - Module loaded.
2022-10-17 09:17:17,017 - elsapy.utils - INFO - Module loaded.
2022-10-17 09:17:17,017 - elsapy.elsprofile - INFO - Module loaded.
2022-10-17 09:17:17,017 - elsapy.elssearch - INFO - Module loaded.
2022-10-17 09:17:17,018 - elsapy.elsclient - INFO - Module loaded.
2022-10-17 09:17:18,022 - elsapy.elsclient - INFO - Sending GET request to https://api.elsevier.com/content/search/scopus?query=10.1109%2FMASS52906.2021.00032
2022-10-17 09:17:18,822 - elsapy.utils - INFO - Converting prism:coverDate
2022-10-17 09:31:22,638 - elsapy.elsentity - INFO - Module loaded.
2022-10-17 09:31:22,639 - elsapy.elsdoc - INFO - Module loaded.
2022-10-17 09:31:22,985 - elsapy.utils - INFO - Module loaded.
2022-10-17 09:31:22,985 - elsapy.elsprofile - INFO - Module loaded.
2022-10-17 09:31:22,986 - elsapy.elssearch - INFO - Module loaded.
2022-10-17 09:31:22,986 - elsapy.elsclient - INFO - Module loaded.
2022-10-17 09:31:25,976 - elsapy.elsclient - INFO - Sending GET request to https://api.elsevier.com/content/search/scopus?query=10.1109%2FMASS52906.2021.00032
2022-10-17 09:31:26,401 - elsapy.utils - INFO - Converting prism:coverDate
2022-10-17 09:45:21,185 - elsapy.elsentity - INFO - Module loaded.
2022-10-17 09:45:21,185 - elsapy.elsdoc - INFO - Module loaded.
2022-10-17 09:45:21,537 - elsapy.utils - INFO - Module loaded.
2022-10-17 09:45:21,537 - elsapy.elsprofile - INFO - Module loaded.
2022-10-17 09:45:21,538 - elsapy.elssearch - INFO - Module loaded.
2022-10-17 09:45:21,538 - elsapy.elsclient - INFO - Module loaded.
2022-10-17 09:50:18,996 - elsapy.elsentity - INFO - Module loaded.
2022-10-17 09:50:18,997 - elsapy.elsdoc - INFO - Module loaded.
2022-10-17 09:50:19,346 - elsapy.utils - INFO - Module loaded.
2022-10-17 09:50:19,346 - elsapy.elsprofile - INFO - Module loaded.
2022-10-17 09:50:19,346 - elsapy.elssearch - INFO - Module loaded.
2022-10-17 09:50:19,347 - elsapy.elsclient - INFO - Module loaded.
2022-10-17 09:50:20,350 - elsapy.elsclient - INFO - Sending GET request to https://api.elsevier.com/content/search/scopus?query=10.1109%2FMASS52906.2021.00032
2022-10-17 09:50:20,976 - elsapy.utils - INFO - Converting prism:coverDate
2022-10-17 09:50:45,434 - elsapy.elsentity - INFO - Module loaded.
2022-10-17 09:50:45,435 - elsapy.elsdoc - INFO - Module loaded.
2022-10-17 09:50:45,786 - elsapy.utils - INFO - Module loaded.
2022-10-17 09:50:45,786 - elsapy.elsprofile - INFO - Module loaded.
2022-10-17 09:50:45,787 - elsapy.elssearch - INFO - Module loaded.
2022-10-17 09:50:45,787 - elsapy.elsclient - INFO - Module loaded.
2022-10-17 09:50:46,789 - elsapy.elsclient - INFO - Sending GET request to https://api.elsevier.com/content/search/scopus?query=10.1109%2FMASS52906.2021.00032
2022-10-17 09:50:47,399 - elsapy.utils - INFO - Converting prism:coverDate
2022-10-17 11:19:04,534 - elsapy.elsentity - INFO - Module loaded.
2022-10-17 11:19:04,534 - elsapy.elsdoc - INFO - Module loaded.
2022-10-17 11:19:04,997 - elsapy.utils - INFO - Module loaded.
2022-10-17 11:19:04,997 - elsapy.elsprofile - INFO - Module loaded.
2022-10-17 11:19:04,998 - elsapy.elssearch - INFO - Module loaded.
2022-10-17 11:19:04,998 - elsapy.elsclient - INFO - Module loaded.
2022-10-17 11:24:23,574 - elsapy.elsentity - INFO - Module loaded.
2022-10-17 11:24:23,575 - elsapy.elsdoc - INFO - Module loaded.
2022-10-17 11:24:23,932 - elsapy.utils - INFO - Module loaded.
2022-10-17 11:24:23,932 - elsapy.elsprofile - INFO - Module loaded.
2022-10-17 11:24:23,933 - elsapy.elssearch - INFO - Module loaded.
2022-10-17 11:24:23,933 - elsapy.elsclient - INFO - Module loaded.
2022-10-17 13:47:21,214 - elsapy.elsentity - INFO - Module loaded.
2022-10-17 13:47:21,216 - elsapy.elsdoc - INFO - Module loaded.
2022-10-17 13:47:21,592 - elsapy.utils - INFO - Module loaded.
2022-10-17 13:47:21,593 - elsapy.elsprofile - INFO - Module loaded.
2022-10-17 13:47:21,594 - elsapy.elssearch - INFO - Module loaded.
2022-10-17 13:47:21,595 - elsapy.elsclient - INFO - Module loaded.
