2022-10-15 16:48:21,126 - elsapy.elsclient - INFO - Module loaded.
2022-10-15 16:48:21,748 - elsapy.elsentity - INFO - Module loaded.
2022-10-15 16:48:21,749 - elsapy.utils - INFO - Module loaded.
2022-10-15 16:48:21,749 - elsapy.elsprofile - INFO - Module loaded.
2022-10-15 16:48:21,750 - elsapy.elsdoc - INFO - Module loaded.
2022-10-15 16:48:21,750 - elsapy.elssearch - INFO - Module loaded.
2022-10-15 16:48:32,932 - elsapy.elsclient - INFO - Module loaded.
2022-10-15 16:48:33,285 - elsapy.elsentity - INFO - Module loaded.
2022-10-15 16:48:33,285 - elsapy.utils - INFO - Module loaded.
2022-10-15 16:48:33,285 - elsapy.elsprofile - INFO - Module loaded.
2022-10-15 16:48:33,286 - elsapy.elsdoc - INFO - Module loaded.
2022-10-15 16:48:33,286 - elsapy.elssearch - INFO - Module loaded.
2022-10-15 16:48:33,937 - elsapy.elsclient - INFO - Sending GET request to https://api.elsevier.com/content/author/author_id/7004367821
2022-10-15 16:48:34,388 - elsapy.elsentity - INFO - Data loaded for https://api.elsevier.com/content/author/author_id/7004367821
2022-10-15 16:48:34,390 - elsapy.elsentity - INFO - Wrote https://api.elsevier.com/content/author/author_id/7004367821 to file
2022-10-15 16:48:35,392 - elsapy.elsclient - INFO - Sending GET request to https://api.elsevier.com/content/affiliation/affiliation_id/60101411
2022-10-15 16:48:35,677 - elsapy.elsentity - INFO - Data loaded for https://api.elsevier.com/content/affiliation/affiliation_id/60101411
2022-10-15 16:48:35,678 - elsapy.elsentity - INFO - Wrote https://api.elsevier.com/content/affiliation/affiliation_id/60101411 to file
2022-10-15 16:48:36,680 - elsapy.elsclient - INFO - Sending GET request to https://api.elsevier.com/content/abstract/scopus_id/84872135457
2022-10-15 16:48:37,121 - elsapy.elsentity - INFO - Data loaded for https://api.elsevier.com/content/abstract/scopus_id/84872135457
2022-10-15 16:48:37,128 - elsapy.elsentity - INFO - Wrote https://api.elsevier.com/content/abstract/scopus_id/84872135457 to file
2022-10-15 16:48:38,125 - elsapy.elsclient - INFO - Sending GET request to https://api.elsevier.com/content/article/pii/S1674927814000082
2022-10-15 16:48:38,616 - elsapy.elsentity - INFO - Data loaded for https://api.elsevier.com/content/article/pii/S1674927814000082
2022-10-15 16:48:38,617 - elsapy.elsentity - INFO - Wrote https://api.elsevier.com/content/article/pii/S1674927814000082 to file
2022-10-15 16:48:39,619 - elsapy.elsclient - INFO - Sending GET request to https://api.elsevier.com/content/article/doi/10.1016/S1525-1578(10)60571-5
2022-10-15 16:48:40,019 - elsapy.elsentity - INFO - Data loaded for https://api.elsevier.com/content/article/doi/10.1016/S1525-1578(10)60571-5
2022-10-15 16:48:40,021 - elsapy.elsentity - INFO - Wrote https://api.elsevier.com/content/article/doi/10.1016/S1525-1578(10)60571-5 to file
2022-10-15 16:49:05,245 - elsapy.elsclient - INFO - Sending GET request to https://api.elsevier.com/content/author/author_id/7004367821?view=documents
2022-10-15 16:49:05,635 - elsapy.elsprofile - WARNING - ('HTTP 400 Error from https://api.elsevier.com/content/author/author_id/7004367821?view=documents\nand using headers {\'X-ELS-APIKey\': \'7042c79d54d8c1b60b6a12d6461c8662\', \'User-Agent\': \'elsapy-v0.5.0\', \'Accept\': \'application/json\'}:\n{"service-error":{"status":{"statusCode":"INVALID_INPUT","statusText":"View parameter entered is not valid for this service"}}}',)
2022-10-15 16:49:06,639 - elsapy.elsclient - INFO - Sending GET request to https://api.elsevier.com/content/affiliation/affiliation_id/60101411?view=documents
2022-10-15 16:49:06,968 - elsapy.elsprofile - WARNING - ('HTTP 400 Error from https://api.elsevier.com/content/affiliation/affiliation_id/60101411?view=documents\nand using headers {\'X-ELS-APIKey\': \'7042c79d54d8c1b60b6a12d6461c8662\', \'User-Agent\': \'elsapy-v0.5.0\', \'Accept\': \'application/json\'}:\n{"service-error":{"status":{"statusCode":"INVALID_INPUT","statusText":"View parameter entered is not valid for this service"}}}',)
2022-10-15 16:49:07,973 - elsapy.elsclient - INFO - Sending GET request to https://api.elsevier.com/content/search/author?query=authlast%28keuskamp%29
2022-10-15 16:49:09,272 - elsapy.elsclient - INFO - Sending GET request to https://api.elsevier.com/content/search/affiliation?query=affil%28amsterdam%29
2022-10-15 16:49:10,599 - elsapy.elsclient - INFO - Sending GET request to https://api.elsevier.com/content/search/scopus?query=AFFIL%28dartmouth%29+AND+AUTHOR-NAME%28lewis%29+AND+PUBYEAR+%3E+2011
2022-10-15 16:49:13,092 - elsapy.elsclient - INFO - Sending GET request to https://api.elsevier.com/content/search/scopus?start=25&count=25&query=AFFIL%28dartmouth%29+AND+AUTHOR-NAME%28lewis%29+AND+PUBYEAR+%3E+2011
2022-10-15 16:49:15,149 - elsapy.elsclient - INFO - Sending GET request to https://api.elsevier.com/content/search/scopus?start=50&count=25&query=AFFIL%28dartmouth%29+AND+AUTHOR-NAME%28lewis%29+AND+PUBYEAR+%3E+2011
2022-10-15 16:49:17,917 - elsapy.elsclient - INFO - Sending GET request to https://api.elsevier.com/content/search/scopus?start=75&count=25&query=AFFIL%28dartmouth%29+AND+AUTHOR-NAME%28lewis%29+AND+PUBYEAR+%3E+2011
2022-10-15 16:49:20,235 - elsapy.elsclient - INFO - Sending GET request to https://api.elsevier.com/content/search/scopus?start=100&count=25&query=AFFIL%28dartmouth%29+AND+AUTHOR-NAME%28lewis%29+AND+PUBYEAR+%3E+2011
2022-10-15 16:49:22,278 - elsapy.elsclient - INFO - Sending GET request to https://api.elsevier.com/content/search/scopus?start=125&count=25&query=AFFIL%28dartmouth%29+AND+AUTHOR-NAME%28lewis%29+AND+PUBYEAR+%3E+2011
2022-10-15 16:49:24,562 - elsapy.elsclient - INFO - Sending GET request to https://api.elsevier.com/content/search/scopus?start=150&count=25&query=AFFIL%28dartmouth%29+AND+AUTHOR-NAME%28lewis%29+AND+PUBYEAR+%3E+2011
2022-10-15 16:49:26,507 - elsapy.elsclient - INFO - Sending GET request to https://api.elsevier.com/content/search/scopus?start=175&count=25&query=AFFIL%28dartmouth%29+AND+AUTHOR-NAME%28lewis%29+AND+PUBYEAR+%3E+2011
2022-10-15 16:49:28,513 - elsapy.elsclient - INFO - Sending GET request to https://api.elsevier.com/content/search/scopus?start=200&count=25&query=AFFIL%28dartmouth%29+AND+AUTHOR-NAME%28lewis%29+AND+PUBYEAR+%3E+2011
2022-10-15 16:49:30,504 - elsapy.elsclient - INFO - Sending GET request to https://api.elsevier.com/content/search/scopus?start=225&count=25&query=AFFIL%28dartmouth%29+AND+AUTHOR-NAME%28lewis%29+AND+PUBYEAR+%3E+2011
2022-10-15 16:49:33,368 - elsapy.elsclient - INFO - Sending GET request to https://api.elsevier.com/content/search/scopus?start=250&count=25&query=AFFIL%28dartmouth%29+AND+AUTHOR-NAME%28lewis%29+AND+PUBYEAR+%3E+2011
2022-10-15 16:49:35,172 - elsapy.elsclient - INFO - Sending GET request to https://api.elsevier.com/content/search/scopus?start=275&count=25&query=AFFIL%28dartmouth%29+AND+AUTHOR-NAME%28lewis%29+AND+PUBYEAR+%3E+2011
2022-10-15 16:49:37,052 - elsapy.elsclient - INFO - Sending GET request to https://api.elsevier.com/content/search/scopus?start=300&count=25&query=AFFIL%28dartmouth%29+AND+AUTHOR-NAME%28lewis%29+AND+PUBYEAR+%3E+2011
2022-10-15 16:49:38,796 - elsapy.elsclient - INFO - Sending GET request to https://api.elsevier.com/content/search/scopus?start=325&count=25&query=AFFIL%28dartmouth%29+AND+AUTHOR-NAME%28lewis%29+AND+PUBYEAR+%3E+2011
2022-10-15 16:49:40,615 - elsapy.elsclient - INFO - Sending GET request to https://api.elsevier.com/content/search/scopus?start=350&count=25&query=AFFIL%28dartmouth%29+AND+AUTHOR-NAME%28lewis%29+AND+PUBYEAR+%3E+2011
2022-10-15 16:49:41,196 - elsapy.utils - INFO - Converting prism:coverDate
2022-10-15 16:49:42,181 - elsapy.elsclient - INFO - Sending GET request to https://api.elsevier.com/content/search/sciencedirect?query=star+trek+vs+star+wars
2022-10-15 16:49:42,514 - elsapy.utils - INFO - Converting prism:coverDate
2022-10-15 16:58:49,923 - elsapy.elsclient - INFO - Module loaded.
2022-10-15 16:58:50,411 - elsapy.elsentity - INFO - Module loaded.
2022-10-15 16:58:50,412 - elsapy.utils - INFO - Module loaded.
2022-10-15 16:58:50,412 - elsapy.elsprofile - INFO - Module loaded.
2022-10-15 16:58:50,413 - elsapy.elsdoc - INFO - Module loaded.
2022-10-15 16:58:50,413 - elsapy.elssearch - INFO - Module loaded.
2022-10-15 16:59:24,200 - elsapy.elsclient - INFO - Sending GET request to https://api.elsevier.com/content/abstract/scopus_id/84872135457
2022-10-15 16:59:24,798 - elsapy.elsentity - INFO - Data loaded for https://api.elsevier.com/content/abstract/scopus_id/84872135457
2022-10-15 16:59:24,807 - elsapy.elsentity - INFO - Wrote https://api.elsevier.com/content/abstract/scopus_id/84872135457 to file
2022-10-15 17:06:45,301 - elsapy.elsclient - INFO - Sending GET request to https://api.elsevier.com/content/abstract/citationsscopus_id/84872135457
2022-10-15 17:07:43,723 - elsapy.elsclient - INFO - Sending GET request to https://api.elsevier.com/content/abstract/citationsscopus_id/84872135457
2022-10-15 17:12:50,052 - elsapy.elsentity - INFO - Module loaded.
2022-10-15 17:12:50,053 - elsapy.elsdoc - INFO - Module loaded.
2022-10-15 17:12:50,604 - elsapy.utils - INFO - Module loaded.
2022-10-15 17:12:50,604 - elsapy.elsprofile - INFO - Module loaded.
2022-10-15 17:12:50,606 - elsapy.elssearch - INFO - Module loaded.
2022-10-15 17:12:50,607 - elsapy.elsclient - INFO - Module loaded.
2022-10-15 17:13:20,921 - elsapy.elsclient - INFO - Sending GET request to https://api.elsevier.com/content/abstract/citationsscopus_id/84872135457
2022-10-15 17:13:21,173 - elsapy.elsentity - WARNING - HTTP 400 Error from https://api.elsevier.com/content/abstract/citationsscopus_id/84872135457
and using headers {'X-ELS-APIKey': '7042c79d54d8c1b60b6a12d6461c8662', 'User-Agent': 'elsapy-v0.5.0', 'Accept': 'application/json'}:
{"service-error":{"status":{"statusCode":"INVALID_INPUT","statusText":"No resource identifier provided"}}}
2022-10-15 17:16:36,461 - elsapy.elsclient - INFO - Sending GET request to https://api.elsevier.com/content/abstract/scopus_id/84872135457
2022-10-15 17:16:36,907 - elsapy.elsentity - INFO - Data loaded for https://api.elsevier.com/content/abstract/scopus_id/84872135457
2022-10-15 17:16:36,916 - elsapy.elsentity - INFO - Wrote https://api.elsevier.com/content/abstract/scopus_id/84872135457 to file
2022-10-15 17:17:48,866 - elsapy.elsentity - INFO - Module loaded.
2022-10-15 17:17:48,868 - elsapy.elsdoc - INFO - Module loaded.
2022-10-15 17:17:49,353 - elsapy.utils - INFO - Module loaded.
2022-10-15 17:17:49,354 - elsapy.elsprofile - INFO - Module loaded.
2022-10-15 17:17:49,354 - elsapy.elssearch - INFO - Module loaded.
2022-10-15 17:17:49,355 - elsapy.elsclient - INFO - Module loaded.
2022-10-15 17:17:51,978 - elsapy.elsclient - INFO - Sending GET request to https://api.elsevier.com/content/abstract/scopus_id/84872135457
2022-10-15 17:17:52,587 - elsapy.elsentity - INFO - Data loaded for https://api.elsevier.com/content/abstract/scopus_id/84872135457
2022-10-15 17:17:52,595 - elsapy.elsentity - INFO - Wrote https://api.elsevier.com/content/abstract/scopus_id/84872135457 to file
2022-10-15 17:17:58,121 - elsapy.elsclient - INFO - Sending GET request to https://api.elsevier.com/content/abstract/citations/scopus_id/84872135457
2022-10-15 17:17:58,338 - elsapy.elsentity - WARNING - HTTP 403 Error from https://api.elsevier.com/content/abstract/citations/scopus_id/84872135457
and using headers {'X-ELS-APIKey': '7042c79d54d8c1b60b6a12d6461c8662', 'User-Agent': 'elsapy-v0.5.0', 'Accept': 'application/json'}:
{"service-error":{"status":{"statusCode":"AUTHENTICATION_ERROR","statusText":"Requestor configuration settings insufficient for access to this resource."}}}
2022-10-15 22:20:29,840 - elsapy.elsentity - INFO - Module loaded.
2022-10-15 22:20:29,842 - elsapy.elsdoc - INFO - Module loaded.
2022-10-15 22:20:30,349 - elsapy.utils - INFO - Module loaded.
2022-10-15 22:20:30,349 - elsapy.elsprofile - INFO - Module loaded.
2022-10-15 22:20:30,350 - elsapy.elssearch - INFO - Module loaded.
2022-10-15 22:20:30,351 - elsapy.elsclient - INFO - Module loaded.
2022-10-15 22:20:31,352 - elsapy.elsclient - INFO - Sending GET request to https://api.elsevier.com/content/abstract/scopus_id/84872135457
2022-10-15 22:20:32,149 - elsapy.elsentity - INFO - Data loaded for https://api.elsevier.com/content/abstract/scopus_id/84872135457
2022-10-15 22:20:32,159 - elsapy.elsentity - INFO - Wrote https://api.elsevier.com/content/abstract/scopus_id/84872135457 to file
2022-10-15 22:20:37,314 - elsapy.elsclient - INFO - Sending GET request to https://api.elsevier.com/content/abstract/citations/scopus_id/84872135457
2022-10-15 22:20:37,513 - elsapy.elsentity - WARNING - HTTP 403 Error from https://api.elsevier.com/content/abstract/citations/scopus_id/84872135457
and using headers {'X-ELS-APIKey': '7042c79d54d8c1b60b6a12d6461c8662', 'User-Agent': 'elsapy-v0.5.0', 'Accept': 'application/json'}:
{"service-error":{"status":{"statusCode":"AUTHENTICATION_ERROR","statusText":"Requestor configuration settings insufficient for access to this resource."}}}
2022-10-15 22:40:11,985 - elsapy.elsentity - INFO - Module loaded.
2022-10-15 22:40:11,986 - elsapy.elsdoc - INFO - Module loaded.
2022-10-15 22:40:12,485 - elsapy.utils - INFO - Module loaded.
2022-10-15 22:40:12,485 - elsapy.elsprofile - INFO - Module loaded.
2022-10-15 22:40:12,486 - elsapy.elssearch - INFO - Module loaded.
2022-10-15 22:40:12,487 - elsapy.elsclient - INFO - Module loaded.
2022-10-15 22:40:13,489 - elsapy.elsclient - INFO - Sending GET request to https://api.elsevier.com/content/abstract/scopus_id/84872135457
2022-10-15 22:40:14,023 - elsapy.elsentity - INFO - Data loaded for https://api.elsevier.com/content/abstract/scopus_id/84872135457
2022-10-15 22:40:14,031 - elsapy.elsentity - INFO - Wrote https://api.elsevier.com/content/abstract/scopus_id/84872135457 to file
